ak_spf_mx	60000
nt_dl	2
ur_sp	240
ak_st	120
ur_cr	100
ur_n	30
li	1
ns_of	2
ak_spf_lv	0
ak_bp	200
ak_pr	0.25
bn_qm	1
ur_st	20
ak_spf_mn	1
ak_ps	50
tm_fi	240
ak_tp	1
ur_app	0
ak_rs	0
ak_ng	1
bn_bw	5
ak_n	20
ur_ps	1000
ur_pt	1
nt_bw	10
ur_rs	0
bn_qs	50
ak_ap	1000
hp_n	25
ns_db	0
ak_cp	10
ak_sp	220
ak_tg	0
ak_mw	1
bn_dl	6
leodos_queue_awk: dt=0.010000 s_l=0.000000 t_st=0.000000 t_sp=240.000000 ur_n=30 ak_n=20 ur_st=20.000000 ur_sp=240.000000 ak_st=120.000000 ak_sp=220.000000 p_ct=pktcount 
ak_spf_mx	60000
nt_dl	2
ur_sp	240
ak_st	120
ur_cr	100
ur_n	30
li	1
ns_of	2
ak_spf_lv	0
ak_bp	200
ak_pr	0.25
bn_qm	1
ur_st	20
ak_spf_mn	1
ak_ps	50
tm_fi	240
ak_tp	1
ur_app	0
ak_rs	0
ak_ng	1
bn_bw	5
ak_n	20
ur_ps	1000
ur_pt	1
nt_bw	10
ur_rs	0
bn_qs	50
ak_ap	1000
hp_n	25
ns_db	0
ak_cp	10
ak_sp	220
ak_tg	0
ak_mw	1
bn_dl	6
bn_qms	DropTail
leodos_queue_awk: dt=0.010000 s_l=0.000000 t_st=0.000000 t_sp=240.000000 ur_n=30 ak_n=20 ur_st=20.000000 ur_sp=240.000000 ak_st=120.000000 ak_sp=220.000000 p_ct=pktcount 
rate_f1_normal	601.080000	rate_f1_attack	529.380000	nth_f1	0.880715	rate_f2_attack	705.130000
